<?xml version="1.0" encoding="UTF-8"?>
<!-- Generated by org.testng.reporters.JUnitXMLReporter -->
<testsuite ignored="0" hostname="Bikash" failures="0" tests="5" name="Default test" time="1.328" errors="0" timestamp="2021-06-04T12:01:32 IST">
  <testcase classname="dataProvaider.DataprovaiderTestData" name="print" time="0.011"/>
  <testcase classname="dataProvaider.DataprovaiderTestData" name="print" time="0.007"/>
  <testcase classname="dataProvaider.DataprovaiderTestData" name="print" time="0.001"/>
  <testcase classname="dataProvaider.DataprovaiderTestData" name="print" time="0.003"/>
  <testcase classname="dataProvaider.DataprovaiderTestData" name="print" time="0.005"/>
</testsuite> <!-- Default test -->
