<?xml version="1.0" encoding="UTF-8"?>
<testng-results ignored="0" total="5" passed="5" failed="0" skipped="0">
  <reporter-output>
  </reporter-output>
  <suite started-at="2021-06-04T12:01:31 IST" name="Default suite" finished-at="2021-06-04T12:01:32 IST" duration-ms="1328">
    <groups>
    </groups>
    <test started-at="2021-06-04T12:01:31 IST" name="Default test" finished-at="2021-06-04T12:01:32 IST" duration-ms="1328">
      <class name="dataProvaider.DataprovaiderTestData">
        <test-method signature="print(java.util.Map)[pri:0, instance:dataProvaider.DataprovaiderTestData@6a84a97d]" started-at="2021-06-04T12:01:32 IST" name="print" data-provider="getDataWithTable" finished-at="2021-06-04T12:01:32 IST" duration-ms="11" status="PASS">
          <params>
            <param index="0">
              <value>
                <![CDATA[{password=123, firstname=ram, username=abc, lastname=b}]]>
              </value>
            </param>
          </params>
          <reporter-output>
          </reporter-output>
        </test-method> <!-- print -->
        <test-method signature="print(java.util.Map)[pri:0, instance:dataProvaider.DataprovaiderTestData@6a84a97d]" started-at="2021-06-04T12:01:32 IST" name="print" data-provider="getDataWithTable" finished-at="2021-06-04T12:01:32 IST" duration-ms="7" status="PASS">
          <params>
            <param index="0">
              <value>
                <![CDATA[{password=456, firstname=hari, username=def, lastname=c}]]>
              </value>
            </param>
          </params>
          <reporter-output>
          </reporter-output>
        </test-method> <!-- print -->
        <test-method signature="print(java.util.Map)[pri:0, instance:dataProvaider.DataprovaiderTestData@6a84a97d]" started-at="2021-06-04T12:01:32 IST" name="print" data-provider="getDataWithTable" finished-at="2021-06-04T12:01:32 IST" duration-ms="1" status="PASS">
          <params>
            <param index="0">
              <value>
                <![CDATA[{password=789, firstname=siba, username=ghi, lastname=d}]]>
              </value>
            </param>
          </params>
          <reporter-output>
          </reporter-output>
        </test-method> <!-- print -->
        <test-method signature="print(java.util.Map)[pri:0, instance:dataProvaider.DataprovaiderTestData@6a84a97d]" started-at="2021-06-04T12:01:32 IST" name="print" data-provider="getDataWithTable" finished-at="2021-06-04T12:01:32 IST" duration-ms="3" status="PASS">
          <params>
            <param index="0">
              <value>
                <![CDATA[{password=963, firstname=jaga, username=jkl, lastname=e}]]>
              </value>
            </param>
          </params>
          <reporter-output>
          </reporter-output>
        </test-method> <!-- print -->
        <test-method signature="print(java.util.Map)[pri:0, instance:dataProvaider.DataprovaiderTestData@6a84a97d]" started-at="2021-06-04T12:01:32 IST" name="print" data-provider="getDataWithTable" finished-at="2021-06-04T12:01:32 IST" duration-ms="5" status="PASS">
          <params>
            <param index="0">
              <value>
                <![CDATA[{password=258, firstname=balia, username=mno, lastname=f}]]>
              </value>
            </param>
          </params>
          <reporter-output>
          </reporter-output>
        </test-method> <!-- print -->
      </class> <!-- dataProvaider.DataprovaiderTestData -->
    </test> <!-- Default test -->
  </suite> <!-- Default suite -->
</testng-results>
